<?xml version="1.0" encoding="UTF-8"?>
<!-- Generated by org.testng.reporters.JUnitXMLReporter -->
<testsuite hostname="DESKTOP-4TKG998" ignored="0" name="Rest API regression Test" tests="4" failures="0" timestamp="05 Apr 2021 03:06:56 GMT" time="6.999" errors="0">
  <testcase name="createNewDeckTest" time="4.587" classname="com.deckofcardsapi.tests.CreateNewDeckOfCards"/>
  <testcase name="getJokerTest" time="0.612" classname="com.deckofcardsapi.tests.CreateNewDeckOfCards"/>
  <testcase name="postJokerTest" time="0.516" classname="com.deckofcardsapi.tests.CreateNewDeckOfCards"/>
  <testcase name="getDeckIdTest" time="1.096" classname="com.deckofcardsapi.tests.DrawCardsFromDeck"/>
</testsuite> <!-- Rest API regression Test -->
